<?xml version="1.0" encoding="UTF-8"?>
<testsuite name="art.pro.FastRename.FastRenameApplicationTests" tests="1" skipped="0" failures="0" errors="0" timestamp="2023-04-02T17:15:46" hostname="DESKTOP-A65BT7R" time="0.67">
  <properties/>
  <testcase name="contextLoads()" classname="art.pro.FastRename.FastRenameApplicationTests" time="0.67"/>
  <system-out><![CDATA[21:15:41.958 [Test worker] DEBUG org.springframework.boot.test.context.SpringBootTestContextBootstrapper -- Neither @ContextConfiguration nor @ContextHierarchy found for test class [FastRenameApplicationTests]: using SpringBootContextLoader
21:15:41.970 [Test worker] DEBUG org.springframework.test.context.support.AbstractContextLoader -- Could not detect default resource locations for test class [art.pro.FastRename.FastRenameApplicationTests]: no resource found for suffixes {-context.xml, Context.groovy}.
21:15:41.971 [Test worker] INFO org.springframework.test.context.support.AnnotationConfigContextLoaderUtils -- Could not detect default configuration classes for test class [art.pro.FastRename.FastRenameApplicationTests]: FastRenameApplicationTests does not declare any static, non-private, non-final, nested classes annotated with @Configuration.
21:15:42.005 [Test worker] DEBUG org.springframework.boot.test.context.SpringBootTestContextBootstrapper -- Using ContextCustomizers for test class [FastRenameApplicationTests]: [DisableObservabilityContextCustomizer, PropertyMappingContextCustomizer, Customizer, ExcludeFilterContextCustomizer, DuplicateJsonObjectContextCustomizer, MockitoContextCustomizer, TestRestTemplateContextCustomizer]
21:15:42.131 [Test worker] DEBUG org.springframework.context.annotation.ClassPathScanningCandidateComponentProvider -- Identified candidate component class: file [C:\Users\Lenovo\Downloads\FastRename\FastRename\build\classes\java\main\art\pro\FastRename\FastRenameApplication.class]
21:15:42.133 [Test worker] INFO org.springframework.boot.test.context.SpringBootTestContextBootstrapper -- Found @SpringBootConfiguration art.pro.FastRename.FastRenameApplication for test class art.pro.FastRename.FastRenameApplicationTests
21:15:42.309 [Test worker] DEBUG org.springframework.test.context.util.TestContextSpringFactoriesUtils -- Skipping candidate TestExecutionListener [org.springframework.test.context.transaction.TransactionalTestExecutionListener] due to a missing dependency. Specify custom TestExecutionListener classes or make the default TestExecutionListener classes and their required dependencies available. Offending class: [org/springframework/transaction/interceptor/TransactionAttributeSource]
21:15:42.314 [Test worker] DEBUG org.springframework.test.context.util.TestContextSpringFactoriesUtils -- Skipping candidate TestExecutionListener [org.springframework.test.context.jdbc.SqlScriptsTestExecutionListener] due to a missing dependency. Specify custom TestExecutionListener classes or make the default TestExecutionListener classes and their required dependencies available. Offending class: [org/springframework/transaction/interceptor/TransactionAttribute]
21:15:42.316 [Test worker] DEBUG org.springframework.boot.test.context.SpringBootTestContextBootstrapper -- Using TestExecutionListeners for test class [FastRenameApplicationTests]: [ServletTestExecutionListener, DirtiesContextBeforeModesTestExecutionListener, ApplicationEventsTestExecutionListener, MockitoTestExecutionListener, DependencyInjectionTestExecutionListener, DirtiesContextTestExecutionListener, EventPublishingTestExecutionListener, RestDocsTestExecutionListener, MockRestServiceServerResetTestExecutionListener, MockMvcPrintOnlyOnFailureTestExecutionListener, WebDriverTestExecutionListener, MockWebServiceServerTestExecutionListener, ResetMocksTestExecutionListener]
21:15:42.319 [Test worker] DEBUG org.springframework.test.context.support.AbstractDirtiesContextTestExecutionListener -- Before test class: class [FastRenameApplicationTests], class annotated with @DirtiesContext [false] with mode [null]

  .   ____          _            __ _ _
 /\\ / ___'_ __ _ _(_)_ __  __ _ \ \ \ \
( ( )\___ | '_ | '_| | '_ \/ _` | \ \ \ \
 \\/  ___)| |_)| | | | | || (_| |  ) ) ) )
  '  |____| .__|_| |_|_| |_\__, | / / / /
 =========|_|==============|___/=/_/_/_/
 :: Spring Boot ::                (v3.0.5)

2023-04-02T21:15:42.958+04:00  INFO 16028 --- [    Test worker] a.p.F.FastRenameApplicationTests         : Starting FastRenameApplicationTests using Java 18.0.1.1 with PID 16028 (started by Lenovo in C:\Users\Lenovo\Downloads\FastRename\FastRename)
2023-04-02T21:15:42.963+04:00  INFO 16028 --- [    Test worker] a.p.F.FastRenameApplicationTests         : No active profile set, falling back to 1 default profile: "default"
2023-04-02T21:15:46.072+04:00  INFO 16028 --- [    Test worker] a.p.F.FastRenameApplicationTests         : Started FastRenameApplicationTests in 3.677 seconds (process running for 5.453)
]]></system-out>
  <system-err><![CDATA[]]></system-err>
</testsuite>
