<?xml version="1.0" encoding="UTF-8"?>
<testsuite name="art.pro.FastRename.service.RenameUtilTest" tests="3" skipped="0" failures="0" errors="0" timestamp="2023-04-06T17:01:26" hostname="DESKTOP-A65BT7R" time="0.032">
  <properties/>
  <testcase name="testRenameToPattern_patternNotLeading_sorted()" classname="art.pro.FastRename.service.RenameUtilTest" time="0.017"/>
  <testcase name="testRenameToPattern_patternLeading()" classname="art.pro.FastRename.service.RenameUtilTest" time="0.006"/>
  <testcase name="testRenameToPattern_incrementBy2()" classname="art.pro.FastRename.service.RenameUtilTest" time="0.005"/>
  <system-out><![CDATA[]]></system-out>
  <system-err><![CDATA[]]></system-err>
</testsuite>
